<?xml version="1.0" encoding="UTF-8"?>
<!-- Generated by org.testng.reporters.JUnitReportReporter -->
<testsuite hostname="DESKTOP-7M048UE" failures="0" tests="1" name="com.project.MavenExample" time="6.377" errors="0" timestamp="14 May 2018 17:01:41 GMT" skipped="0">
  <testcase classname="com.project.MavenExample" name="maveTest" time="6.377"/>
</testsuite> <!-- com.project.MavenExample -->
