<?xml version="1.0" encoding="UTF-8"?>
<!-- Generated by org.testng.reporters.JUnitReportReporter -->
<testsuite hostname="DESKTOP-7M048UE" failures="0" tests="1" name="com.project.MavenExample" time="12.278" errors="0" timestamp="14 May 2018 17:20:33 GMT" skipped="0">
  <testcase classname="com.project.MavenExample" name="maveTest" time="12.278"/>
</testsuite> <!-- com.project.MavenExample -->
